[07:57:21.887] [INFO] Running addon-a11y-addon-test automigration
[07:57:21.887] [DEBUG] Extracting storybook data...
[07:57:21.887] [DEBUG] Getting Storybook info...
[07:57:21.976] [ERROR] [38;2;241;97;97mSB_CORE-SERVER_0007 (MainFileEvaluationError): Storybook couldn't evaluate your .storybook/main.ts file.

Original error:
Error [ERR_MODULE_NOT_FOUND]: Cannot find package '@chromatic-com/storybook' imported from /.storybook/main.ts
    at packageResolve (node:internal/modules/esm/resolve:873:9)
    at moduleResolve (node:internal/modules/esm/resolve:946:18)
    at defaultResolve (node:internal/modules/esm/resolve:1188:11)
    at nextResolve (node:internal/modules/esm/hooks:864:28)
    at Hooks.resolve (node:internal/modules/esm/hooks:306:30)
    at MessagePort.handleMessage (node:internal/modules/esm/worker:196:24)
    at [nodejs.internal.kHybridDispatch] (node:internal/event_target:831:20)
    at MessagePort.<anonymous> (node:internal/per_context/messageport:23:28)[39m
    at loadMainConfig (file:///Users/mikkeldahl/.npm/_npx/7f0b12aa0cbfbce2/node_modules/storybook/dist/_node-chunks/chunk-NQBOIYE4.js:11709:11)
    at async getStorybookInfo (file:///Users/mikkeldahl/.npm/_npx/7f0b12aa0cbfbce2/node_modules/storybook/dist/_node-chunks/chunk-NQBOIYE4.js:11798:59)
    at async getStorybookData (file:///Users/mikkeldahl/.npm/_npx/7f0b12aa0cbfbce2/node_modules/@storybook/cli/dist/_node-chunks/chunk-BH3XEHG4.js:169:7)
    at async doAutomigrate (file:///Users/mikkeldahl/.npm/_npx/7f0b12aa0cbfbce2/node_modules/@storybook/cli/dist/_node-chunks/run-NTMEAVO5.js:7751:7)
    at async file:///Users/mikkeldahl/.npm/_npx/7f0b12aa0cbfbce2/node_modules/@storybook/cli/dist/_node-chunks/run-NTMEAVO5.js:9715:90
    at async withTelemetry (file:///Users/mikkeldahl/.npm/_npx/7f0b12aa0cbfbce2/node_modules/storybook/dist/_node-chunks/chunk-6PADJQ3N.js:218:12)
[07:57:21.977] [INFO] Storybook collects completely anonymous usage telemetry. We use it to shape Storybook's roadmap and prioritize features. You can learn more, including how to opt out, at https://storybook.js.org/telemetry
[07:57:23.010] [ERROR] SB_CORE-SERVER_0007 (MainFileEvaluationError): Storybook couldn't evaluate your .storybook/main.ts file.

Original error:
Error [ERR_MODULE_NOT_FOUND]: Cannot find package '@chromatic-com/storybook' imported from /.storybook/main.ts
    at packageResolve (node:internal/modules/esm/resolve:873:9)
    at moduleResolve (node:internal/modules/esm/resolve:946:18)
    at defaultResolve (node:internal/modules/esm/resolve:1188:11)
    at nextResolve (node:internal/modules/esm/hooks:864:28)
    at Hooks.resolve (node:internal/modules/esm/hooks:306:30)
    at MessagePort.handleMessage (node:internal/modules/esm/worker:196:24)
    at [nodejs.internal.kHybridDispatch] (node:internal/event_target:831:20)
    at MessagePort.<anonymous> (node:internal/per_context/messageport:23:28)